[gearo-html.vercel.app/index.html]
[backblue.gif]
[fade.gif]
[index.html]
[gearo-html.vercel.app/fonts/fonts.css]
[gearo-html.vercel.app/fonts/font-icons.css]
[gearo-html.vercel.app/css/bootstrap.min.css]
[gearo-html.vercel.app/css/swiper-bundle.min.css]
[gearo-html.vercel.app/css/animate.css]
[gearo-html.vercel.app/css/styles.css]
[gearo-html.vercel.app/images/logo/favicon.png]
[gearo-html.vercel.app/images/country/us.svg]
[gearo-html.vercel.app/about.html]
[gearo-html.vercel.app/contact.html]
[gearo-html.vercel.app/store-list.html]
[gearo-html.vercel.app/shop-default.html]
[gearo-html.vercel.app/shop-list.html]
[gearo-html.vercel.app/shop-full-grid.html]
[gearo-html.vercel.app/shop-full-list.html]
[gearo-html.vercel.app/shop-sidebar-left.html]
[gearo-html.vercel.app/shop-sidebar-right.html]
[gearo-html.vercel.app/shop-filter-canvas.html]
[gearo-html.vercel.app/shop-filter-dropdown.html]
[gearo-html.vercel.app/shop-filter-sidebar.html]
[gearo-html.vercel.app/shop-pagination.html]
[gearo-html.vercel.app/shop-load-button.html]
[gearo-html.vercel.app/shop-infinite-scrolling.html]
[gearo-html.vercel.app/product-style-01.html]
[gearo-html.vercel.app/product-style-02.html]
[gearo-html.vercel.app/product-style-03.html]
[gearo-html.vercel.app/product-style-04.html]
[gearo-html.vercel.app/product-style-05.html]
[gearo-html.vercel.app/shopping-cart.html]
[gearo-html.vercel.app/checkout.html]
[gearo-html.vercel.app/order.html]
[gearo-html.vercel.app/login.html]
[gearo-html.vercel.app/wish-list.html]
[gearo-html.vercel.app/search-result.html]
[gearo-html.vercel.app/my-account.html]
[gearo-html.vercel.app/images/banner/banner-1.jpg]
[gearo-html.vercel.app/product-detail.html]
[gearo-html.vercel.app/product-thumbnails-right.html]
[gearo-html.vercel.app/product-thumbnails-bottom.html]
[gearo-html.vercel.app/product-grid-1.html]
[gearo-html.vercel.app/product-grid-2.html]
[gearo-html.vercel.app/product-stacked.html]
[gearo-html.vercel.app/product-description-accordion.html]
[gearo-html.vercel.app/product-description-list.html]
[gearo-html.vercel.app/product-swatch-image.html]
[gearo-html.vercel.app/product-swatch-image-rounded.html]
[gearo-html.vercel.app/product-swatch-dropdown.html]
[gearo-html.vercel.app/product-swatch-dropdown-color.html]
[gearo-html.vercel.app/product-bought-together.html]
[gearo-html.vercel.app/product-bought-together-2.html]
[gearo-html.vercel.app/product-up-sell.html]
[gearo-html.vercel.app/product-pre-order.html]
[gearo-html.vercel.app/product-grouped.html]
[gearo-html.vercel.app/product-out-of-stock.html]
[gearo-html.vercel.app/product-pickup-available.html]
[gearo-html.vercel.app/product-external.html]
[gearo-html.vercel.app/images/banner/collections-1.jpg]
[gearo-html.vercel.app/blog-grid.html]
[gearo-html.vercel.app/blog-list.html]
[gearo-html.vercel.app/blog-details.html]
[gearo-html.vercel.app/faqs.html]
[gearo-html.vercel.app/term-of-use.html]
[gearo-html.vercel.app/index-2.html]
[gearo-html.vercel.app/images/demo/home-1.jpg]
[gearo-html.vercel.app/home-2.html]
[gearo-html.vercel.app/images/demo/home-2.jpg]
[gearo-html.vercel.app/home-3.html]
[gearo-html.vercel.app/images/demo/home-3.jpg]
[gearo-html.vercel.app/home-4.html]
[gearo-html.vercel.app/images/demo/home-4.jpg]
[gearo-html.vercel.app/home-5.html]
[gearo-html.vercel.app/images/demo/home-5.jpg]
[gearo-html.vercel.app/images/logo/logo.svg]
[gearo-html.vercel.app/images/slider/slider-1.jpg]
[gearo-html.vercel.app/images/slider/slider-2.jpg]
[gearo-html.vercel.app/images/slider/slider-3.jpg]
[gearo-html.vercel.app/images/section/collections-banner.jpg]
[gearo-html.vercel.app/images/section/collections-banner-1.jpg]
[gearo-html.vercel.app/images/section/collections-banner-2.jpg]
[gearo-html.vercel.app/images/section/collections-banner-3.jpg]
[gearo-html.vercel.app/images/section/collections-banner-4.jpg]
[gearo-html.vercel.app/images/shop/product-1.jpg]
[gearo-html.vercel.app/images/shop/product-1.1.jpg]
[gearo-html.vercel.app/images/shop/product-1.2.jpg]
[gearo-html.vercel.app/images/shop/product-1.3.jpg]
[gearo-html.vercel.app/images/shop/product-2.jpg]
[gearo-html.vercel.app/images/shop/product-2.1.jpg]
[gearo-html.vercel.app/images/shop/product-2.2.jpg]
[gearo-html.vercel.app/images/shop/product-3.jpg]
[gearo-html.vercel.app/images/shop/product-3.1.jpg]
[gearo-html.vercel.app/images/shop/product-3.2.jpg]
[gearo-html.vercel.app/images/shop/product-3.3.jpg]
[gearo-html.vercel.app/images/shop/product-4.jpg]
[gearo-html.vercel.app/images/shop/product-4.1.jpg]
[gearo-html.vercel.app/images/shop/product-4.2.jpg]
[gearo-html.vercel.app/images/shop/product-4.3.jpg]
[gearo-html.vercel.app/images/shop/product-4.4.jpg]
[gearo-html.vercel.app/images/shop/product-5.jpg]
[gearo-html.vercel.app/images/shop/product-5.1.jpg]
[gearo-html.vercel.app/images/shop/product-5.2.jpg]
[gearo-html.vercel.app/images/shop/product-5.3.jpg]
[gearo-html.vercel.app/images/shop/product-6.jpg]
[gearo-html.vercel.app/images/shop/product-6.1.jpg]
[gearo-html.vercel.app/images/shop/product-6.2.jpg]
[gearo-html.vercel.app/images/shop/product-7.jpg]
[gearo-html.vercel.app/images/shop/product-7.1.jpg]
[gearo-html.vercel.app/images/shop/product-7.2.jpg]
[gearo-html.vercel.app/images/shop/product-7.3.jpg]
[gearo-html.vercel.app/images/shop/product-8.jpg]
[gearo-html.vercel.app/images/shop/product-8.1.jpg]
[gearo-html.vercel.app/images/shop/product-8.2.jpg]
[gearo-html.vercel.app/images/shop/product-8.3.jpg]
[gearo-html.vercel.app/images/shop/product-8.4.jpg]
[gearo-html.vercel.app/images/banner/banner-lookbook-1.jpg]
[gearo-html.vercel.app/images/gallery/lookbook-3.jpg]
[gearo-html.vercel.app/images/gallery/lookbook-1.jpg]
[gearo-html.vercel.app/images/shop/product-9.jpg]
[gearo-html.vercel.app/images/shop/product-9.1.jpg]
[gearo-html.vercel.app/images/shop/product-9.2.jpg]
[gearo-html.vercel.app/images/shop/product-9.3.jpg]
[gearo-html.vercel.app/images/shop/product-10.jpg]
[gearo-html.vercel.app/images/shop/product-10.1.jpg]
[gearo-html.vercel.app/images/shop/product-10.2.jpg]
[gearo-html.vercel.app/images/shop/product-10.3.jpg]
[gearo-html.vercel.app/images/shop/product-11.jpg]
[gearo-html.vercel.app/images/shop/product-11.1.jpg]
[gearo-html.vercel.app/images/shop/product-11.2.jpg]
[gearo-html.vercel.app/images/shop/product-11.3.jpg]
[gearo-html.vercel.app/images/shop/product-12.jpg]
[gearo-html.vercel.app/images/shop/product-12.1.jpg]
[gearo-html.vercel.app/images/shop/product-12.2.jpg]
[gearo-html.vercel.app/images/shop/product-12.3.jpg]
[gearo-html.vercel.app/images/shop/product-12.4.jpg]
[gearo-html.vercel.app/images/shop/testimonials-item-1.jpg]
[gearo-html.vercel.app/images/shop/testimonials-item-2.jpg]
[gearo-html.vercel.app/images/shop/testimonials-item-3.jpg]
[gearo-html.vercel.app/images/section/categories-1.jpg]
[gearo-html.vercel.app/images/section/categories-2.jpg]
[gearo-html.vercel.app/images/section/categories-3.jpg]
[gearo-html.vercel.app/images/section/categories-4.jpg]
[gearo-html.vercel.app/images/section/categories-5.jpg]
[gearo-html.vercel.app/images/section/categories-6.jpg]
[gearo-html.vercel.app/images/banner/banner-10.jpg]
[gearo-html.vercel.app/images/banner/banner-11.jpg]
[gearo-html.vercel.app/images/banner/banner-12.jpg]
[gearo-html.vercel.app/images/gallery/gallery-1.jpg]
[gearo-html.vercel.app/images/gallery/gallery-2.jpg]
[gearo-html.vercel.app/images/gallery/gallery-3.jpg]
[gearo-html.vercel.app/images/gallery/gallery-4.jpg]
[gearo-html.vercel.app/images/gallery/gallery-5.jpg]
[gearo-html.vercel.app/images/payment/payment-1.png]
[gearo-html.vercel.app/images/payment/payment-2.png]
[gearo-html.vercel.app/images/payment/payment-3.png]
[gearo-html.vercel.app/images/payment/payment-4.png]
[gearo-html.vercel.app/images/payment/payment-5.png]
[gearo-html.vercel.app/images/payment/payment-6.png]
[gearo-html.vercel.app/images/shop/popup-slidebar-item-2.jpg]
[gearo-html.vercel.app/images/shop/popup-slidebar-item-1.jpg]
[gearo-html.vercel.app/images/shop/popup-slidebar-item-3.jpg]
[gearo-html.vercel.app/images/shop/popup-slidebar-item-4.jpg]
[gearo-html.vercel.app/images/shop/popup-cart-item-1.jpg]
[gearo-html.vercel.app/images/shop/popup-cart-item-2.jpg]
[gearo-html.vercel.app/images/shop/popup-cart-item-3.jpg]
[gearo-html.vercel.app/images/shop/popup-cart-item-4.jpg]
[gearo-html.vercel.app/images/shop/popup-cart-item-5.jpg]
[gearo-html.vercel.app/images/shop/quickview-slidebar-1.jpg]
[gearo-html.vercel.app/images/shop/quickview-slidebar-2.jpg]
[gearo-html.vercel.app/images/shop/quickview-slidebar-3.jpg]
[gearo-html.vercel.app/images/shop/quickview-slidebar-4.jpg]
[gearo-html.vercel.app/images/shop/quickview-slidebar-5.jpg]
[gearo-html.vercel.app/js/bootstrap.min.js]
[gearo-html.vercel.app/js/jquery.min.js]
[gearo-html.vercel.app/js/swiper-bundle.min.js]
[gearo-html.vercel.app/js/carousel.js]
[gearo-html.vercel.app/js/bootstrap-select.min.js]
[gearo-html.vercel.app/js/lazysize.min.js]
[gearo-html.vercel.app/js/wow.min.js]
[gearo-html.vercel.app/js/multiple-modal.js]
[gearo-html.vercel.app/js/parallax.min.js]
[gearo-html.vercel.app/js/simpleParallaxVanilla.umd.js]
[gearo-html.vercel.app/index.html]
[gearo-html.vercel.app/fonts/fonts.css]
[gearo-html.vercel.app/js/main.js]
[gearo-html.vercel.app/fonts/icomoona4fd.eot]
[gearo-html.vercel.app/fonts/icomoona4fd.ttf]
[gearo-html.vercel.app/fonts/icomoona4fd.woff]
[gearo-html.vercel.app/fonts/font-icons.css]
[gearo-html.vercel.app/css/bootstrap.min.css]
[gearo-html.vercel.app/css/swiper-bundle.min.css]
[gearo-html.vercel.app/css/animate.css]
[gearo-html.vercel.app/fonts/icomoona4fd.svg]
[gearo-html.vercel.app/css/bootstrap-select.min.css]
[gearo-html.vercel.app/css/styles.css]
[gearo-html.vercel.app/images/country/us.svg]
[gearo-html.vercel.app/images/country/vn.svg]
[gearo-html.vercel.app/images/cursor-close.svg]
[gearo-html.vercel.app/images/page-title/page-title-6.jpg]
[gearo-html.vercel.app/images/section/section-about.jpg]
[gearo-html.vercel.app/images/section/box-about.jpg]
[gearo-html.vercel.app/images/section/testimonials-1.jpg]
[gearo-html.vercel.app/images/section/testimonials-2.jpg]
[gearo-html.vercel.app/images/section/testimonials-3.jpg]
[gearo-html.vercel.app/images/section/team-1.jpg]
[gearo-html.vercel.app/images/section/team-2.jpg]
[gearo-html.vercel.app/images/section/team-3.jpg]
[gearo-html.vercel.app/about.html]
[gearo-html.vercel.app/js/map-contact.js]
[gearo-html.vercel.app/js/marker.js]
[gearo-html.vercel.app/js/infobox.min.js]
[gearo-html.vercel.app/contact.html]
[gearo-html.vercel.app/js/jquery-validate.js]
[gearo-html.vercel.app/images/page-title/page-title-8.jpg]
[gearo-html.vercel.app/images/banner/banner-location-1.jpg]
[gearo-html.vercel.app/images/banner/banner-location-2.jpg]
[gearo-html.vercel.app/images/banner/banner-location-3.jpg]
[gearo-html.vercel.app/store-list.html]
[gearo-html.vercel.app/images/page-title/page-title-9.jpg]
[gearo-html.vercel.app/js/nouislider.min.js]
[gearo-html.vercel.app/shop-default.html]
[gearo-html.vercel.app/js/shop.js]
[gearo-html.vercel.app/images/page-title/page-title-10.jpg]
[gearo-html.vercel.app/shop-list.html]
[gearo-html.vercel.app/shop-full-grid.html]
[gearo-html.vercel.app/shop-full-list.html]
[gearo-html.vercel.app/shop-sidebar-left.html]
[gearo-html.vercel.app/shop-sidebar-right.html]
[gearo-html.vercel.app/shop-filter-canvas.html]
[gearo-html.vercel.app/shop-filter-dropdown.html]
[gearo-html.vercel.app/shop-filter-sidebar.html]
[gearo-html.vercel.app/shop-pagination.html]
[gearo-html.vercel.app/shop-load-button.html]
[gearo-html.vercel.app/shop-infinite-scrolling.html]
[gearo-html.vercel.app/product-style-01.html]
[gearo-html.vercel.app/product-style-02.html]
[gearo-html.vercel.app/product-style-03.html]
[gearo-html.vercel.app/product-style-04.html]
[gearo-html.vercel.app/product-style-05.html]
[gearo-html.vercel.app/images/page-title/page-title-3.jpg]
[gearo-html.vercel.app/images/logo/icon-fire.png]
[gearo-html.vercel.app/shopping-cart.html]
[gearo-html.vercel.app/js/count-down.js]
[gearo-html.vercel.app/images/page-title/page-title-4.jpg]
[gearo-html.vercel.app/images/payment/payment-7.png]
[gearo-html.vercel.app/images/payment/payment-8.png]
[gearo-html.vercel.app/images/payment/payment-9.png]
[gearo-html.vercel.app/images/payment/payment-10.png]
[gearo-html.vercel.app/images/payment/applePay.png]
[gearo-html.vercel.app/images/payment/paypal.png]
[gearo-html.vercel.app/checkout.html]
[gearo-html.vercel.app/order.html]
[gearo-html.vercel.app/images/page-title/page-title-5.jpg]
[gearo-html.vercel.app/login.html]
[gearo-html.vercel.app/wish-list.html]
[gearo-html.vercel.app/search-result.html]
[gearo-html.vercel.app/register.html]
[gearo-html.vercel.app/images/page-title/page-title-7.jpg]
[gearo-html.vercel.app/images/avatar/avatar-3.jpg]
[gearo-html.vercel.app/my-account-orders.html]
[gearo-html.vercel.app/my-account.html]
[gearo-html.vercel.app/my-account-address.html]
[gearo-html.vercel.app/css/drift-basic.min.css]
[gearo-html.vercel.app/css/photoswipe.css]
[gearo-html.vercel.app/images/shop/product-1.4.jpg]
[gearo-html.vercel.app/images/avatar/user-default.jpg]
[gearo-html.vercel.app/images/avatar/admin-default.jpg]
[gearo-html.vercel.app/js/model-viewer.min.js]
[gearo-html.vercel.app/js/zoom.js]
[gearo-html.vercel.app/product-detail.html]
[gearo-html.vercel.app/product-thumbnails-right.html]
[gearo-html.vercel.app/js/drift.min.js]
[gearo-html.vercel.app/product-thumbnails-bottom.html]
[gearo-html.vercel.app/product-grid-1.html]
[gearo-html.vercel.app/product-grid-2.html]
[gearo-html.vercel.app/product-stacked.html]
[gearo-html.vercel.app/product-description-accordion.html]
[gearo-html.vercel.app/product-description-list.html]
[gearo-html.vercel.app/product-swatch-image.html]
[gearo-html.vercel.app/product-swatch-image-rounded.html]
[gearo-html.vercel.app/product-swatch-dropdown.html]
[gearo-html.vercel.app/product-swatch-dropdown-color.html]
[gearo-html.vercel.app/product-bought-together.html]
[gearo-html.vercel.app/product-bought-together-2.html]
[gearo-html.vercel.app/product-up-sell.html]
[gearo-html.vercel.app/product-pre-order.html]
[gearo-html.vercel.app/product-grouped.html]
[gearo-html.vercel.app/product-out-of-stock.html]
[gearo-html.vercel.app/product-pickup-available.html]
[gearo-html.vercel.app/product-external.html]
[gearo-html.vercel.app/images/page-title/page-title-1.jpg]
[gearo-html.vercel.app/images/blog/blog-1.jpg]
[gearo-html.vercel.app/images/blog/blog-2.jpg]
[gearo-html.vercel.app/images/blog/blog-3.jpg]
[gearo-html.vercel.app/images/blog/blog-4.jpg]
[gearo-html.vercel.app/images/blog/blog-5.jpg]
[gearo-html.vercel.app/images/blog/blog-6.jpg]
[gearo-html.vercel.app/images/blog/blog-7.jpg]
[gearo-html.vercel.app/images/blog/blog-8.jpg]
[gearo-html.vercel.app/images/blog/blog-9.jpg]
[gearo-html.vercel.app/blog-grid.html]
[gearo-html.vercel.app/images/blog/blog-sidebar-1.jpg]
[gearo-html.vercel.app/images/blog/blog-sidebar-2.jpg]
[gearo-html.vercel.app/images/blog/blog-sidebar-3.jpg]
[gearo-html.vercel.app/blog-list.html]
[gearo-html.vercel.app/images/page-title/page-title-2.jpg]
[gearo-html.vercel.app/images/blog/blog-details.jpg]
[gearo-html.vercel.app/images/avatar/avatar-1.jpg]
[gearo-html.vercel.app/images/avatar/avatar-2.jpg]
[gearo-html.vercel.app/blog-details.html]
[gearo-html.vercel.app/faqs.html]
[gearo-html.vercel.app/term-of-use.html]
[gearo-html.vercel.app/index-2.html]
[gearo-html.vercel.app/images/slider/slider-home2-sub1.jpg]
[gearo-html.vercel.app/images/slider/slider-home2-sub2.jpg]
[gearo-html.vercel.app/images/slider/slider-home2-sub3.jpg]
[gearo-html.vercel.app/images/slider/slider-home2-1.jpg]
[gearo-html.vercel.app/images/slider/slider-home2-2.jpg]
[gearo-html.vercel.app/images/slider/slider-home2-3.jpg]
[gearo-html.vercel.app/images/banner/banner-7.jpg]
[gearo-html.vercel.app/images/banner/banner-8.jpg]
[gearo-html.vercel.app/images/banner/banner-4.jpg]
[gearo-html.vercel.app/images/banner/banner-5.jpg]
[gearo-html.vercel.app/images/section/section-discover-1.jpg]
[gearo-html.vercel.app/images/gallery/lookbook-2.jpg]
[gearo-html.vercel.app/images/shop/cart-item-1.jpg]
[gearo-html.vercel.app/images/shop/cart-item-2.jpg]
[gearo-html.vercel.app/images/shop/cart-item-3.jpg]
[gearo-html.vercel.app/images/gallery/gallery-6.jpg]
[gearo-html.vercel.app/home-2.html]
[gearo-html.vercel.app/images/logo/logo-white.svg]
[gearo-html.vercel.app/images/slider/slider-home3-1.jpg]
[gearo-html.vercel.app/images/slider/slider-home3-2.jpg]
[gearo-html.vercel.app/images/slider/slider-home3-3.jpg]
[gearo-html.vercel.app/images/banner/banner-2.jpg]
[gearo-html.vercel.app/images/banner/banner-9.jpg]
[gearo-html.vercel.app/home-3.html]
[gearo-html.vercel.app/images/slider/slider-home4-1.jpg]
[gearo-html.vercel.app/images/slider/slider-home4-2.jpg]
[gearo-html.vercel.app/images/slider/slider-home4-3.jpg]
[gearo-html.vercel.app/images/shop/deal-item-1.jpg]
[gearo-html.vercel.app/images/shop/deal-item-1.1.jpg]
[gearo-html.vercel.app/images/section/section-deal-1.jpg]
[gearo-html.vercel.app/home-4.html]
[gearo-html.vercel.app/images/banner/collections-2.jpg]
[gearo-html.vercel.app/images/banner/collections-3.jpg]
[gearo-html.vercel.app/images/banner/collections-4.jpg]
[gearo-html.vercel.app/images/banner/banner-home5-1.jpg]
[gearo-html.vercel.app/images/banner/banner-home5-2.jpg]
[gearo-html.vercel.app/home-5.html]
[gearo-html.vercel.app/images/logo/logo.svg]
[gearo-html.vercel.app/fonts/icomoona4fd.svg]
[gearo-html.vercel.app/css/bootstrap-select.min.css]
[gearo-html.vercel.app/images/cursor-close.svg]
[gearo-html.vercel.app/register.html]
[gearo-html.vercel.app/my-account-orders-details.html]
[gearo-html.vercel.app/product-detail-2.11c.delayed]
[gearo-html.vercel.app/product-detail-3.11d.delayed]
[gearo-html.vercel.app/my-account-orders.html]
[gearo-html.vercel.app/my-account-address.html]
[gearo-html.vercel.app/css/drift-basic.min.css]
[gearo-html.vercel.app/css/photoswipe.css]
[gearo-html.vercel.app/images/logo/logo-white.svg]
[gearo-html.vercel.app/my-account-orders-details.html]
[gearo-html.vercel.app/product-detail-2.html]
[gearo-html.vercel.app/product-detail-3.html]
